<?xml version="1.0" encoding="UTF-8"?>
<!-- Generated by org.testng.reporters.JUnitReportReporter -->
<testsuite hostname="RKAINS007" failures="0" tests="15" name="TestWatchVid.Register" time="1.078" errors="1" timestamp="30 Jul 2023 13:12:15 GMT" skipped="14">
  <testcase classname="TestWatchVid.Register" name="beforeMethod" time="1.078">
    <error type="java.lang.NullPointerException">
      <![CDATA[java.lang.NullPointerException
at java.base/java.util.Objects.requireNonNull(Objects.java:208)
at org.openqa.selenium.support.ui.FluentWait.<init>(FluentWait.java:106)
at org.openqa.selenium.support.ui.WebDriverWait.<init>(WebDriverWait.java:85)
at org.openqa.selenium.support.ui.WebDriverWait.<init>(WebDriverWait.java:45)
at Byju.Regit.<init>(Regit.java:36)
at TestWatchVid.Register.beforeMethod(Register.java:58)
at java.base/jdk.internal.reflect.DirectMethodHandleAccessor.invoke(DirectMethodHandleAccessor.java:104)
at java.base/java.lang.reflect.Method.invoke(Method.java:577)
at org.testng.internal.MethodInvocationHelper.invokeMethod(MethodInvocationHelper.java:124)
at org.testng.internal.MethodInvocationHelper.invokeMethodConsideringTimeout(MethodInvocationHelper.java:59)
at org.testng.internal.Invoker.invokeConfigurationMethod(Invoker.java:458)
at org.testng.internal.Invoker.invokeConfigurations(Invoker.java:222)
at org.testng.internal.Invoker.invokeMethod(Invoker.java:523)
at org.testng.internal.Invoker.invokeTestMethod(Invoker.java:719)
at org.testng.internal.Invoker.invokeTestMethods(Invoker.java:989)
at org.testng.internal.TestMethodWorker.invokeTestMethods(TestMethodWorker.java:125)
at org.testng.internal.TestMethodWorker.run(TestMethodWorker.java:109)
at org.testng.TestRunner.privateRun(TestRunner.java:648)
at org.testng.TestRunner.run(TestRunner.java:505)
at org.testng.SuiteRunner.runTest(SuiteRunner.java:455)
at org.testng.SuiteRunner.runSequentially(SuiteRunner.java:450)
at org.testng.SuiteRunner.privateRun(SuiteRunner.java:415)
at org.testng.SuiteRunner.run(SuiteRunner.java:364)
at org.testng.SuiteRunnerWorker.runSuite(SuiteRunnerWorker.java:52)
at org.testng.SuiteRunnerWorker.run(SuiteRunnerWorker.java:84)
at org.testng.TestNG.runSuitesSequentially(TestNG.java:1208)
at org.testng.TestNG.runSuitesLocally(TestNG.java:1137)
at org.testng.TestNG.runSuites(TestNG.java:1049)
at org.testng.TestNG.run(TestNG.java:1017)
at org.testng.remote.AbstractRemoteTestNG.run(AbstractRemoteTestNG.java:115)
at org.testng.remote.RemoteTestNG.initAndRun(RemoteTestNG.java:251)
at org.testng.remote.RemoteTestNG.main(RemoteTestNG.java:77)
]]>
    </error>
  </testcase> <!-- beforeMethod -->
  <testcase classname="TestWatchVid.Register" name="byjuChildNm" time="0.000">
    <skipped/>
  </testcase> <!-- byjuChildNm -->
  <testcase classname="TestWatchVid.Register" name="byjubyjuEnterMob" time="0.000">
    <skipped/>
  </testcase> <!-- byjubyjuEnterMob -->
  <testcase classname="TestWatchVid.Register" name="byjuEmail" time="0.000">
    <skipped/>
  </testcase> <!-- byjuEmail -->
  <testcase classname="TestWatchVid.Register" name="byjuState" time="0.000">
    <skipped/>
  </testcase> <!-- byjuState -->
  <testcase classname="TestWatchVid.Register" name="byjuValidMob" time="0.000">
    <skipped/>
  </testcase> <!-- byjuValidMob -->
  <testcase classname="TestWatchVid.Register" name="byjuRadioBtn" time="0.000">
    <skipped/>
  </testcase> <!-- byjuRadioBtn -->
  <testcase classname="TestWatchVid.Register" name="byju" time="0.000">
    <skipped/>
  </testcase> <!-- byju -->
  <testcase classname="TestWatchVid.Register" name="byjuChossTpk" time="0.000">
    <skipped/>
  </testcase> <!-- byjuChossTpk -->
  <testcase classname="TestWatchVid.Register" name="byjuTimSlot" time="0.000">
    <skipped/>
  </testcase> <!-- byjuTimSlot -->
  <testcase classname="TestWatchVid.Register" name="byju1Bookcls" time="0.000">
    <skipped/>
  </testcase> <!-- byju1Bookcls -->
  <testcase classname="TestWatchVid.Register" name="byjuBookedClssText" time="0.000">
    <skipped/>
  </testcase> <!-- byjuBookedClssText -->
  <testcase classname="TestWatchVid.Register" name="byjuSideNavItems" time="0.000">
    <skipped/>
  </testcase> <!-- byjuSideNavItems -->
  <testcase classname="TestWatchVid.Register" name="byjuprofile" time="0.000">
    <skipped/>
  </testcase> <!-- byjuprofile -->
  <testcase classname="TestWatchVid.Register" name="byjuOnProfile" time="0.000">
    <skipped/>
  </testcase> <!-- byjuOnProfile -->
</testsuite> <!-- TestWatchVid.Register -->
